4/13/2024 10:32:03 AM	This log contains information about the import schema operation into project 'ExpenseManagementDB' on computer 'DESKTOP-HFJVNN6' by user 'komal'.
4/13/2024 10:32:03 AM	Import of database schema has started.
4/13/2024 10:32:09 AM	Gathering database credentials
4/13/2024 10:32:09 AM	Gathering database options
4/13/2024 10:32:09 AM	Gathering generic database scoped configuration option
4/13/2024 10:32:09 AM	Gathering users
4/13/2024 10:32:09 AM	Gathering roles
4/13/2024 10:32:09 AM	Gathering application roles
4/13/2024 10:32:09 AM	Gathering role memberships
4/13/2024 10:32:09 AM	Gathering filegroups
4/13/2024 10:32:09 AM	Gathering full-text catalogs
4/13/2024 10:32:09 AM	Gathering assemblies
4/13/2024 10:32:09 AM	Gathering certificates
4/13/2024 10:32:09 AM	Gathering asymmetric keys
4/13/2024 10:32:09 AM	Gathering symmetric keys
4/13/2024 10:32:09 AM	Gathering encrypted symmetric keys
4/13/2024 10:32:09 AM	Gathering schemas
4/13/2024 10:32:09 AM	Gathering XML schema collections
4/13/2024 10:32:09 AM	Gathering user-defined data types
4/13/2024 10:32:09 AM	Gathering user-defined types
4/13/2024 10:32:09 AM	Gathering table types
4/13/2024 10:32:09 AM	Gathering unique keys for table types
4/13/2024 10:32:09 AM	Gathering primary keys for table types
4/13/2024 10:32:09 AM	Gathering indexes for table types
4/13/2024 10:32:09 AM	Gathering check constraints for table types
4/13/2024 10:32:09 AM	Gathering default constraints for table types
4/13/2024 10:32:09 AM	Gathering partition functions
4/13/2024 10:32:09 AM	Gathering partition schemes
4/13/2024 10:32:09 AM	Gathering functions
4/13/2024 10:32:09 AM	Gathering encrypted functions
4/13/2024 10:32:09 AM	Gathering aggregates
4/13/2024 10:32:09 AM	Gathering procedures
4/13/2024 10:32:09 AM	Gathering encrypted procedures
4/13/2024 10:32:09 AM	Gathering tables
4/13/2024 10:32:09 AM	Gathering primary keys
4/13/2024 10:32:09 AM	Gathering unique constraints
4/13/2024 10:32:09 AM	Gathering foreign keys
4/13/2024 10:32:09 AM	Gathering default constraints
4/13/2024 10:32:09 AM	Gathering check constraints
4/13/2024 10:32:09 AM	Gathering views
4/13/2024 10:32:09 AM	Gathering encrypted views
4/13/2024 10:32:09 AM	Gathering indexes
4/13/2024 10:32:09 AM	Gathering statistics
4/13/2024 10:32:09 AM	Gathering full-text index stoplists
4/13/2024 10:32:09 AM	Gathering search property lists
4/13/2024 10:32:09 AM	Gathering search properties
4/13/2024 10:32:09 AM	Gathering full-text indexes
4/13/2024 10:32:09 AM	Gathering column store indexes
4/13/2024 10:32:09 AM	Gathering spatial indexes
4/13/2024 10:32:09 AM	Gathering XML indexes
4/13/2024 10:32:09 AM	Gathering Selective XML indexes
4/13/2024 10:32:09 AM	Gathering encrypted triggers
4/13/2024 10:32:09 AM	Gathering triggers
4/13/2024 10:32:09 AM	Gathering encrypted and clr ddl triggers
4/13/2024 10:32:09 AM	Gathering ddl triggers
4/13/2024 10:32:09 AM	Creating edge constraints
4/13/2024 10:32:09 AM	Gathering synonyms
4/13/2024 10:32:09 AM	Gathering defaults
4/13/2024 10:32:09 AM	Gathering data constraint uddt bindings
4/13/2024 10:32:09 AM	Gathering rules
4/13/2024 10:32:09 AM	Gathering data constraint uddt bindings
4/13/2024 10:32:09 AM	Gathering message types
4/13/2024 10:32:09 AM	Gathering queues
4/13/2024 10:32:09 AM	Gathering contracts
4/13/2024 10:32:09 AM	Gathering services
4/13/2024 10:32:09 AM	Gathering event notifications
4/13/2024 10:32:09 AM	Gathering remote service bindings
4/13/2024 10:32:09 AM	Gathering broker priorities
4/13/2024 10:32:09 AM	Gathering signatures
4/13/2024 10:32:09 AM	Gathering compression options
4/13/2024 10:32:09 AM	Gathering sequence types
4/13/2024 10:32:09 AM	Gathering security policies
4/13/2024 10:32:09 AM	Gather column encryption keys
4/13/2024 10:32:09 AM	Gathering column master keys
4/13/2024 10:32:09 AM	Gathering external data sources
4/13/2024 10:32:09 AM	Gathering external file formats
4/13/2024 10:32:09 AM	Gathering external tables
4/13/2024 10:32:09 AM	Gathering XML index compression options
4/13/2024 10:32:09 AM	Gathering database permissions
4/13/2024 10:32:09 AM	Gathering extended properties
4/13/2024 10:32:09 AM	Gathering assemblies
4/13/2024 10:32:09 AM	Gathering credentials
4/13/2024 10:32:09 AM	Gathering logins
4/13/2024 10:32:09 AM	Gathering server audits
4/13/2024 10:32:09 AM	Scanning project for duplicate elements
4/13/2024 10:32:09 AM	Finished duplicate element processing
4/13/2024 10:32:11 AM	Finished importing database.
4/13/2024 10:32:11 AM	A summary of the import was saved to the following location: C:\Users\komal\source\repos\ExpenseManagementDB\ExpenseManagementDB\Import Schema Logs\ExpenseManagementDB_20240413023203.log
4/13/2024 10:32:11 AM	Click Finish to continue...
